<?xml version="1.0" encoding="UTF-8"?>
<testsuite xmlns:xsi="http://www.w3.org/2001/XMLSchema-instance" xsi:noNamespaceSchemaLocation="https://maven.apache.org/surefire/maven-surefire-plugin/xsd/surefire-test-report.xsd" name="za.co.laz.poker.fivecard.FiveCardApplicationTests" time="2.347" tests="3" errors="0" skipped="0" failures="0">
  <properties>
[...]
</properties>
  <testcase name="testPrintEvaluation" classname="za.co.laz.poker.fivecard.FiveCardApplicationTests" time="0.561"/>
  <testcase name="contextLoads" classname="za.co.laz.poker.fivecard.FiveCardApplicationTests" time="0.003"/>
  <testcase name="testDealHand" classname="za.co.laz.poker.fivecard.FiveCardApplicationTests" time="0.099"/>
</testsuite>